<?xml version="1.0" encoding="UTF-8"?>
<testng-results ignored="0" total="2" passed="2" failed="0" skipped="0">
  <reporter-output>
    <line>
      <![CDATA[Setting browser as chrome]]>
    </line>
    <line>
      <![CDATA[Actual Result is 48]]>
    </line>
    <line>
      <![CDATA[Closing Browser]]>
    </line>
    <line>
      <![CDATA[Setting browser as chrome]]>
    </line>
    <line>
      <![CDATA[getting pincode error msg ,msg is ]]>
    </line>
    <line>
      <![CDATA[getting mobile error msg ,msg is ]]>
    </line>
    <line>
      <![CDATA[Pincode error message is matching]]>
    </line>
    <line>
      <![CDATA[Mobile no. error message is matching]]>
    </line>
    <line>
      <![CDATA[Closing Browser]]>
    </line>
  </reporter-output>
  <suite started-at="2025-11-10T12:09:06 IST" name="Default suite" finished-at="2025-11-10T12:10:23 IST" duration-ms="76246">
    <groups>
      <group name="cucumber">
        <method signature="AbstractTestNGCucumberTests.runScenario(io.cucumber.testng.PickleWrapper,io.cucumber.testng.FeatureWrapper)[pri:0, instance:CoverFoxRunner.HealthInsuranceRunner@46fa7c39]" name="runScenario" class="io.cucumber.testng.AbstractTestNGCucumberTests"/>
      </group> <!-- cucumber -->
    </groups>
    <test started-at="2025-11-10T12:09:06 IST" name="Default test" finished-at="2025-11-10T12:10:23 IST" duration-ms="76246">
      <class name="CoverFoxRunner.HealthInsuranceRunner">
        <test-method is-config="true" signature="setUpClass(org.testng.ITestContext)[pri:0, instance:CoverFoxRunner.HealthInsuranceRunner@46fa7c39]" started-at="2025-11-10T12:09:06 IST" name="setUpClass" finished-at="2025-11-10T12:09:07 IST" duration-ms="591" status="PASS">
          <params>
            <param index="0">
              <value>
                <![CDATA[org.testng.TestRunner@6bfaa0a6]]>
              </value>
            </param>
          </params>
          <reporter-output>
          </reporter-output>
        </test-method> <!-- setUpClass -->
        <test-method signature="runScenario(io.cucumber.testng.PickleWrapper,io.cucumber.testng.FeatureWrapper)[pri:0, instance:CoverFoxRunner.HealthInsuranceRunner@46fa7c39]" started-at="2025-11-10T12:09:07 IST" name="runScenario" description="Runs Cucumber Scenarios" data-provider="scenarios" finished-at="2025-11-10T12:09:43 IST" duration-ms="36576" status="PASS">
          <params>
            <param index="0">
              <value>
                <![CDATA["TC01:Validate Coverfox Health Insurance Plan For Single Person"]]>
              </value>
            </param>
            <param index="1">
              <value>
                <![CDATA["CoverFox Health Insurance Test"]]>
              </value>
            </param>
          </params>
          <reporter-output>
            <line>
              <![CDATA[Setting browser as chrome]]>
            </line>
            <line>
              <![CDATA[Actual Result is 48]]>
            </line>
            <line>
              <![CDATA[Closing Browser]]>
            </line>
          </reporter-output>
        </test-method> <!-- runScenario -->
        <test-method signature="runScenario(io.cucumber.testng.PickleWrapper,io.cucumber.testng.FeatureWrapper)[pri:0, instance:CoverFoxRunner.HealthInsuranceRunner@46fa7c39]" started-at="2025-11-10T12:09:43 IST" name="runScenario" description="Runs Cucumber Scenarios" data-provider="scenarios" finished-at="2025-11-10T12:10:20 IST" duration-ms="36337" status="PASS">
          <params>
            <param index="0">
              <value>
                <![CDATA["TC02:Validate Coverfox Health Insurance Plan For Single Person"]]>
              </value>
            </param>
            <param index="1">
              <value>
                <![CDATA["CoverFox Health Insurance Test"]]>
              </value>
            </param>
          </params>
          <reporter-output>
            <line>
              <![CDATA[Setting browser as chrome]]>
            </line>
            <line>
              <![CDATA[getting pincode error msg ,msg is ]]>
            </line>
            <line>
              <![CDATA[getting mobile error msg ,msg is ]]>
            </line>
            <line>
              <![CDATA[Pincode error message is matching]]>
            </line>
            <line>
              <![CDATA[Mobile no. error message is matching]]>
            </line>
            <line>
              <![CDATA[Closing Browser]]>
            </line>
          </reporter-output>
        </test-method> <!-- runScenario -->
        <test-method is-config="true" signature="tearDownClass()[pri:0, instance:CoverFoxRunner.HealthInsuranceRunner@46fa7c39]" started-at="2025-11-10T12:10:20 IST" name="tearDownClass" finished-at="2025-11-10T12:10:23 IST" duration-ms="2676" status="PASS">
          <reporter-output>
          </reporter-output>
        </test-method> <!-- tearDownClass -->
      </class> <!-- CoverFoxRunner.HealthInsuranceRunner -->
    </test> <!-- Default test -->
  </suite> <!-- Default suite -->
</testng-results>
